<?xml version="1.0" encoding="UTF-8"?>
<testng-results skipped="0" failed="0" ignored="0" total="1" passed="1">
  <reporter-output>
  </reporter-output>
  <suite name="Default suite" duration-ms="14400" started-at="2023-03-12T07:26:10 IST" finished-at="2023-03-12T07:26:25 IST">
    <groups>
    </groups>
    <test name="Default test" duration-ms="14400" started-at="2023-03-12T07:26:10 IST" finished-at="2023-03-12T07:26:25 IST">
      <class name="edu.co.First1">
        <test-method status="PASS" signature="f()[pri:0, instance:edu.co.First1@7fdd33]" name="f" duration-ms="14351" started-at="2023-03-12T07:26:11 IST" finished-at="2023-03-12T07:26:25 IST">
          <reporter-output>
          </reporter-output>
        </test-method> <!-- f -->
      </class> <!-- edu.co.First1 -->
    </test> <!-- Default test -->
  </suite> <!-- Default suite -->
</testng-results>
